[ 2016-05-13T07:18:23+02:00 ] ::1 ::1 GET /rc/public/admin/login/
[log] localhost/rc/public/admin/login/ [运行时间：0.029855s] [吞吐率：33.50req/s] [内存消耗：327.80kb] [文件加载：14]
[info] [ CONFIG ] D:\wamp\www\rc\thinkphp\convention.php
[info] [ CONFIG ] D:\wamp\www\rc\public/../app/config.php
[error] [8]Use of undefined constant MODULE_NAME - assumed 'MODULE_NAME'[D:\wamp\www\rc\app\config.php:20]
[info] [ LOG ] INIT File: array (
  'path' => 'D:\\wamp\\www\\rc\\public/../runtime/log\\',
)

[ 2016-05-13T07:18:23+02:00 ] ::1 ::1 GET /rc/public/admin/login/
[log] localhost/rc/public/admin/login/ [运行时间：0.048683s] [吞吐率：20.54req/s] [内存消耗：311.67kb] [文件加载：15]
[info] [ CONFIG ] D:\wamp\www\rc\thinkphp\convention.php
[info] [ CONFIG ] D:\wamp\www\rc\public/../app/config.php
[error] [8]Use of undefined constant MODULE_NAME - assumed 'MODULE_NAME'[D:\wamp\www\rc\app\config.php:20]
[info] [ LOG ] INIT File: array (
  'path' => 'D:\\wamp\\www\\rc\\public/../runtime/log\\',
)

[ 2016-05-13T07:18:45+02:00 ] ::1 ::1 GET /rc/public/admin/login/
[log] localhost/rc/public/admin/login/ [运行时间：0.010583s] [吞吐率：94.49req/s] [内存消耗：298.71kb] [文件加载：12]
[info] [ CONFIG ] D:\wamp\www\rc\thinkphp\convention.php
[info] [ CONFIG ] D:\wamp\www\rc\public/../app/config.php
[info] [ LOG ] INIT File: array (
  'path' => 'D:\\wamp\\www\\rc\\public/../runtime/log\\',
)

[ 2016-05-13T07:18:45+02:00 ] ::1 ::1 GET /rc/public/admin/login/
[log] localhost/rc/public/admin/login/ [运行时间：0.014322s] [吞吐率：69.82req/s] [内存消耗：325.48kb] [文件加载：14]
[info] [ CONFIG ] D:\wamp\www\rc\thinkphp\convention.php
[info] [ CONFIG ] D:\wamp\www\rc\public/../app/config.php
[info] [ LOG ] INIT File: array (
  'path' => 'D:\\wamp\\www\\rc\\public/../runtime/log\\',
)
[error] [1]Call to undefined function config()[D:\wamp\www\rc\app\config.php:22]

[ 2016-05-13T07:18:45+02:00 ] ::1 ::1 GET /rc/public/admin/login/
[log] localhost/rc/public/admin/login/ [运行时间：0.012400s] [吞吐率：80.65req/s] [内存消耗：298.71kb] [文件加载：12]
[info] [ CONFIG ] D:\wamp\www\rc\thinkphp\convention.php
[info] [ CONFIG ] D:\wamp\www\rc\public/../app/config.php
[info] [ LOG ] INIT File: array (
  'path' => 'D:\\wamp\\www\\rc\\public/../runtime/log\\',
)

[ 2016-05-13T07:18:45+02:00 ] ::1 ::1 GET /rc/public/admin/login/
[log] localhost/rc/public/admin/login/ [运行时间：0.014228s] [吞吐率：70.28req/s] [内存消耗：325.48kb] [文件加载：14]
[info] [ CONFIG ] D:\wamp\www\rc\thinkphp\convention.php
[info] [ CONFIG ] D:\wamp\www\rc\public/../app/config.php
[info] [ LOG ] INIT File: array (
  'path' => 'D:\\wamp\\www\\rc\\public/../runtime/log\\',
)
[error] [1]Call to undefined function config()[D:\wamp\www\rc\app\config.php:22]

[ 2016-05-13T07:18:50+02:00 ] ::1 ::1 GET /rc/public/admin/login/
[log] localhost/rc/public/admin/login/ [运行时间：0.011726s] [吞吐率：85.28req/s] [内存消耗：298.71kb] [文件加载：12]
[info] [ CONFIG ] D:\wamp\www\rc\thinkphp\convention.php
[info] [ CONFIG ] D:\wamp\www\rc\public/../app/config.php
[info] [ LOG ] INIT File: array (
  'path' => 'D:\\wamp\\www\\rc\\public/../runtime/log\\',
)

[ 2016-05-13T07:18:50+02:00 ] ::1 ::1 GET /rc/public/admin/login/
[log] localhost/rc/public/admin/login/ [运行时间：0.014564s] [吞吐率：68.66req/s] [内存消耗：325.48kb] [文件加载：14]
[info] [ CONFIG ] D:\wamp\www\rc\thinkphp\convention.php
[info] [ CONFIG ] D:\wamp\www\rc\public/../app/config.php
[info] [ LOG ] INIT File: array (
  'path' => 'D:\\wamp\\www\\rc\\public/../runtime/log\\',
)
[error] [1]Call to undefined function config()[D:\wamp\www\rc\app\config.php:22]

[ 2016-05-13T07:18:50+02:00 ] ::1 ::1 GET /rc/public/admin/login/
[log] localhost/rc/public/admin/login/ [运行时间：0.010374s] [吞吐率：96.39req/s] [内存消耗：298.71kb] [文件加载：12]
[info] [ CONFIG ] D:\wamp\www\rc\thinkphp\convention.php
[info] [ CONFIG ] D:\wamp\www\rc\public/../app/config.php
[info] [ LOG ] INIT File: array (
  'path' => 'D:\\wamp\\www\\rc\\public/../runtime/log\\',
)

[ 2016-05-13T07:18:50+02:00 ] ::1 ::1 GET /rc/public/admin/login/
[log] localhost/rc/public/admin/login/ [运行时间：0.012331s] [吞吐率：81.10req/s] [内存消耗：325.48kb] [文件加载：14]
[info] [ CONFIG ] D:\wamp\www\rc\thinkphp\convention.php
[info] [ CONFIG ] D:\wamp\www\rc\public/../app/config.php
[info] [ LOG ] INIT File: array (
  'path' => 'D:\\wamp\\www\\rc\\public/../runtime/log\\',
)
[error] [1]Call to undefined function config()[D:\wamp\www\rc\app\config.php:22]

[ 2016-05-13T07:22:12+02:00 ] ::1 ::1 GET /rc/public/admin/login/
[log] localhost/rc/public/admin/login/ [运行时间：0.014186s] [吞吐率：70.49req/s] [内存消耗：298.71kb] [文件加载：12]
[info] [ CONFIG ] D:\wamp\www\rc\thinkphp\convention.php
[info] [ CONFIG ] D:\wamp\www\rc\public/../app/config.php
[info] [ LOG ] INIT File: array (
  'path' => 'D:\\wamp\\www\\rc\\public/../runtime/log\\',
)

[ 2016-05-13T07:22:12+02:00 ] ::1 ::1 GET /rc/public/admin/login/
[log] localhost/rc/public/admin/login/ [运行时间：0.016305s] [吞吐率：61.33req/s] [内存消耗：325.48kb] [文件加载：14]
[info] [ CONFIG ] D:\wamp\www\rc\thinkphp\convention.php
[info] [ CONFIG ] D:\wamp\www\rc\public/../app/config.php
[info] [ LOG ] INIT File: array (
  'path' => 'D:\\wamp\\www\\rc\\public/../runtime/log\\',
)
[error] [1]Call to undefined function config()[D:\wamp\www\rc\app\config.php:22]

[ 2016-05-13T07:22:12+02:00 ] ::1 ::1 GET /rc/public/admin/login/
[log] localhost/rc/public/admin/login/ [运行时间：0.011428s] [吞吐率：87.51req/s] [内存消耗：298.71kb] [文件加载：12]
[info] [ CONFIG ] D:\wamp\www\rc\thinkphp\convention.php
[info] [ CONFIG ] D:\wamp\www\rc\public/../app/config.php
[info] [ LOG ] INIT File: array (
  'path' => 'D:\\wamp\\www\\rc\\public/../runtime/log\\',
)

[ 2016-05-13T07:22:12+02:00 ] ::1 ::1 GET /rc/public/admin/login/
[log] localhost/rc/public/admin/login/ [运行时间：0.013219s] [吞吐率：75.65req/s] [内存消耗：325.48kb] [文件加载：14]
[info] [ CONFIG ] D:\wamp\www\rc\thinkphp\convention.php
[info] [ CONFIG ] D:\wamp\www\rc\public/../app/config.php
[info] [ LOG ] INIT File: array (
  'path' => 'D:\\wamp\\www\\rc\\public/../runtime/log\\',
)
[error] [1]Call to undefined function config()[D:\wamp\www\rc\app\config.php:22]

[ 2016-05-13T07:22:46+02:00 ] ::1 ::1 GET /rc/public/admin/login/
[log] localhost/rc/public/admin/login/ [运行时间：0.008498s] [吞吐率：117.68req/s] [内存消耗：327.48kb] [文件加载：14]
[info] [ CONFIG ] D:\wamp\www\rc\thinkphp\convention.php
[info] [ CONFIG ] D:\wamp\www\rc\public/../app/config.php
[error] [8]Undefined index: URL_REQUEST_URI[D:\wamp\www\rc\app\config.php:22]
[info] [ LOG ] INIT File: array (
  'path' => 'D:\\wamp\\www\\rc\\public/../runtime/log\\',
)

[ 2016-05-13T07:22:46+02:00 ] ::1 ::1 GET /rc/public/admin/login/
[log] localhost/rc/public/admin/login/ [运行时间：0.020280s] [吞吐率：49.31req/s] [内存消耗：311.91kb] [文件加载：15]
[info] [ CONFIG ] D:\wamp\www\rc\thinkphp\convention.php
[info] [ CONFIG ] D:\wamp\www\rc\public/../app/config.php
[error] [8]Undefined index: URL_REQUEST_URI[D:\wamp\www\rc\app\config.php:22]
[info] [ LOG ] INIT File: array (
  'path' => 'D:\\wamp\\www\\rc\\public/../runtime/log\\',
)

[ 2016-05-13T07:25:29+02:00 ] ::1 ::1 GET /rc/public/admin/login/
[log] localhost/rc/public/admin/login/ [运行时间：0.015241s] [吞吐率：65.61req/s] [内存消耗：298.71kb] [文件加载：12]
[info] [ CONFIG ] D:\wamp\www\rc\thinkphp\convention.php
[info] [ CONFIG ] D:\wamp\www\rc\public/../app/config.php
[info] [ LOG ] INIT File: array (
  'path' => 'D:\\wamp\\www\\rc\\public/../runtime/log\\',
)

[ 2016-05-13T07:25:29+02:00 ] ::1 ::1 GET /rc/public/admin/login/
[log] localhost/rc/public/admin/login/ [运行时间：0.017425s] [吞吐率：57.39req/s] [内存消耗：325.48kb] [文件加载：14]
[info] [ CONFIG ] D:\wamp\www\rc\thinkphp\convention.php
[info] [ CONFIG ] D:\wamp\www\rc\public/../app/config.php
[info] [ LOG ] INIT File: array (
  'path' => 'D:\\wamp\\www\\rc\\public/../runtime/log\\',
)
[error] [1]Call to undefined function config()[D:\wamp\www\rc\app\config.php:22]

[ 2016-05-13T07:25:29+02:00 ] ::1 ::1 GET /rc/public/admin/login/
[log] localhost/rc/public/admin/login/ [运行时间：0.011261s] [吞吐率：88.80req/s] [内存消耗：298.71kb] [文件加载：12]
[info] [ CONFIG ] D:\wamp\www\rc\thinkphp\convention.php
[info] [ CONFIG ] D:\wamp\www\rc\public/../app/config.php
[info] [ LOG ] INIT File: array (
  'path' => 'D:\\wamp\\www\\rc\\public/../runtime/log\\',
)

[ 2016-05-13T07:25:29+02:00 ] ::1 ::1 GET /rc/public/admin/login/
[log] localhost/rc/public/admin/login/ [运行时间：0.014548s] [吞吐率：68.74req/s] [内存消耗：325.48kb] [文件加载：14]
[info] [ CONFIG ] D:\wamp\www\rc\thinkphp\convention.php
[info] [ CONFIG ] D:\wamp\www\rc\public/../app/config.php
[info] [ LOG ] INIT File: array (
  'path' => 'D:\\wamp\\www\\rc\\public/../runtime/log\\',
)
[error] [1]Call to undefined function config()[D:\wamp\www\rc\app\config.php:22]

[ 2016-05-13T07:26:03+02:00 ] ::1 ::1 GET /rc/public/admin/login/
[log] localhost/rc/public/admin/login/ [运行时间：0.013329s] [吞吐率：75.02req/s] [内存消耗：298.71kb] [文件加载：12]
[info] [ CONFIG ] D:\wamp\www\rc\thinkphp\convention.php
[info] [ CONFIG ] D:\wamp\www\rc\public/../app/config.php
[info] [ LOG ] INIT File: array (
  'path' => 'D:\\wamp\\www\\rc\\public/../runtime/log\\',
)

[ 2016-05-13T07:26:03+02:00 ] ::1 ::1 GET /rc/public/admin/login/
[log] localhost/rc/public/admin/login/ [运行时间：0.015169s] [吞吐率：65.92req/s] [内存消耗：325.48kb] [文件加载：14]
[info] [ CONFIG ] D:\wamp\www\rc\thinkphp\convention.php
[info] [ CONFIG ] D:\wamp\www\rc\public/../app/config.php
[info] [ LOG ] INIT File: array (
  'path' => 'D:\\wamp\\www\\rc\\public/../runtime/log\\',
)
[error] [1]Call to undefined function config()[D:\wamp\www\rc\app\config.php:22]

[ 2016-05-13T07:26:03+02:00 ] ::1 ::1 GET /rc/public/admin/login/
[log] localhost/rc/public/admin/login/ [运行时间：0.012896s] [吞吐率：77.54req/s] [内存消耗：298.71kb] [文件加载：12]
[info] [ CONFIG ] D:\wamp\www\rc\thinkphp\convention.php
[info] [ CONFIG ] D:\wamp\www\rc\public/../app/config.php
[info] [ LOG ] INIT File: array (
  'path' => 'D:\\wamp\\www\\rc\\public/../runtime/log\\',
)

[ 2016-05-13T07:26:03+02:00 ] ::1 ::1 GET /rc/public/admin/login/
[log] localhost/rc/public/admin/login/ [运行时间：0.014759s] [吞吐率：67.76req/s] [内存消耗：325.48kb] [文件加载：14]
[info] [ CONFIG ] D:\wamp\www\rc\thinkphp\convention.php
[info] [ CONFIG ] D:\wamp\www\rc\public/../app/config.php
[info] [ LOG ] INIT File: array (
  'path' => 'D:\\wamp\\www\\rc\\public/../runtime/log\\',
)
[error] [1]Call to undefined function config()[D:\wamp\www\rc\app\config.php:22]

[ 2016-05-13T07:26:27+02:00 ] ::1 ::1 GET /rc/public/admin/login/
[log] localhost/rc/public/admin/login/ [运行时间：0.012025s] [吞吐率：83.16req/s] [内存消耗：298.71kb] [文件加载：12]
[info] [ CONFIG ] D:\wamp\www\rc\thinkphp\convention.php
[info] [ CONFIG ] D:\wamp\www\rc\public/../app/config.php
[info] [ LOG ] INIT File: array (
  'path' => 'D:\\wamp\\www\\rc\\public/../runtime/log\\',
)

[ 2016-05-13T07:26:27+02:00 ] ::1 ::1 GET /rc/public/admin/login/
[log] localhost/rc/public/admin/login/ [运行时间：0.015886s] [吞吐率：62.95req/s] [内存消耗：325.45kb] [文件加载：14]
[info] [ CONFIG ] D:\wamp\www\rc\thinkphp\convention.php
[info] [ CONFIG ] D:\wamp\www\rc\public/../app/config.php
[info] [ LOG ] INIT File: array (
  'path' => 'D:\\wamp\\www\\rc\\public/../runtime/log\\',
)
[error] [1]Call to undefined function c()[D:\wamp\www\rc\app\config.php:22]

[ 2016-05-13T07:26:27+02:00 ] ::1 ::1 GET /rc/public/admin/login/
[log] localhost/rc/public/admin/login/ [运行时间：0.010260s] [吞吐率：97.46req/s] [内存消耗：298.71kb] [文件加载：12]
[info] [ CONFIG ] D:\wamp\www\rc\thinkphp\convention.php
[info] [ CONFIG ] D:\wamp\www\rc\public/../app/config.php
[info] [ LOG ] INIT File: array (
  'path' => 'D:\\wamp\\www\\rc\\public/../runtime/log\\',
)

[ 2016-05-13T07:26:27+02:00 ] ::1 ::1 GET /rc/public/admin/login/
[log] localhost/rc/public/admin/login/ [运行时间：0.013375s] [吞吐率：74.77req/s] [内存消耗：325.45kb] [文件加载：14]
[info] [ CONFIG ] D:\wamp\www\rc\thinkphp\convention.php
[info] [ CONFIG ] D:\wamp\www\rc\public/../app/config.php
[info] [ LOG ] INIT File: array (
  'path' => 'D:\\wamp\\www\\rc\\public/../runtime/log\\',
)
[error] [1]Call to undefined function c()[D:\wamp\www\rc\app\config.php:22]

[ 2016-05-13T07:27:40+02:00 ] ::1 ::1 GET /rc/public/admin/login/
[log] localhost/rc/public/admin/login/ [运行时间：0.013397s] [吞吐率：74.64req/s] [内存消耗：298.71kb] [文件加载：12]
[info] [ CONFIG ] D:\wamp\www\rc\thinkphp\convention.php
[info] [ CONFIG ] D:\wamp\www\rc\public/../app/config.php
[info] [ LOG ] INIT File: array (
  'path' => 'D:\\wamp\\www\\rc\\public/../runtime/log\\',
)

[ 2016-05-13T07:27:40+02:00 ] ::1 ::1 GET /rc/public/admin/login/
[log] localhost/rc/public/admin/login/ [运行时间：0.017168s] [吞吐率：58.25req/s] [内存消耗：325.45kb] [文件加载：14]
[info] [ CONFIG ] D:\wamp\www\rc\thinkphp\convention.php
[info] [ CONFIG ] D:\wamp\www\rc\public/../app/config.php
[info] [ LOG ] INIT File: array (
  'path' => 'D:\\wamp\\www\\rc\\public/../runtime/log\\',
)
[error] [1]Call to undefined function c()[D:\wamp\www\rc\app\config.php:22]

[ 2016-05-13T07:27:41+02:00 ] ::1 ::1 GET /rc/public/admin/login/
[log] localhost/rc/public/admin/login/ [运行时间：0.011392s] [吞吐率：87.78req/s] [内存消耗：298.71kb] [文件加载：12]
[info] [ CONFIG ] D:\wamp\www\rc\thinkphp\convention.php
[info] [ CONFIG ] D:\wamp\www\rc\public/../app/config.php
[info] [ LOG ] INIT File: array (
  'path' => 'D:\\wamp\\www\\rc\\public/../runtime/log\\',
)

[ 2016-05-13T07:27:41+02:00 ] ::1 ::1 GET /rc/public/admin/login/
[log] localhost/rc/public/admin/login/ [运行时间：0.013145s] [吞吐率：76.07req/s] [内存消耗：325.45kb] [文件加载：14]
[info] [ CONFIG ] D:\wamp\www\rc\thinkphp\convention.php
[info] [ CONFIG ] D:\wamp\www\rc\public/../app/config.php
[info] [ LOG ] INIT File: array (
  'path' => 'D:\\wamp\\www\\rc\\public/../runtime/log\\',
)
[error] [1]Call to undefined function c()[D:\wamp\www\rc\app\config.php:22]

